[226月2026 10:59:20.362] [main/INFO] [cpw.mods.modlauncher.Launcher/MODLAUNCHER]: ModLauncher running: args [--launchTarget, forgeclientdev, --version, 21.1.234, --assetIndex, 17, --assetsDir, C:\\Users\\24292\\.gradle\\caches\\neoformruntime\\assets, --gameDir, ., --fml.fmlVersion, 4.0.42, --fml.mcVersion, 1.21.1, --fml.neoForgeVersion, 21.1.234, --fml.neoFormVersion, 20240808.144430]
[226月2026 10:59:20.366] [main/INFO] [cpw.mods.modlauncher.Launcher/MODLAUNCHER]: JVM identified as Microsoft OpenJDK 64-Bit Server VM 21.0.7+6-LTS
[226月2026 10:59:20.367] [main/INFO] [cpw.mods.modlauncher.Launcher/MODLAUNCHER]: ModLauncher 11.0.5+main.901c6ea8 starting: java version 21.0.7 by Microsoft; OS Windows 11 arch amd64 version 10.0
[226月2026 10:59:20.524] [main/INFO] [net.neoforged.fml.loading.ImmediateWindowHandler/]: Loading ImmediateWindowProvider fmlearlywindow
[226月2026 10:59:20.774] [main/INFO] [EARLYDISPLAY/]: Trying GL version 4.6
[226月2026 10:59:21.072] [main/INFO] [EARLYDISPLAY/]: Requested GL version 4.6 got version 4.6
[226月2026 10:59:21.238] [main/INFO] [mixin/]: SpongePowered MIXIN Subsystem Version=0.8.7 Source=union:/C:/Users/24292/.gradle/caches/modules-2/files-2.1/net.fabricmc/sponge-mixin/0.15.2+mixin.0.8.7/2af2f021d8e02a0220dc27a7a72b4666d66d44ca/sponge-mixin-0.15.2+mixin.0.8.7.jar%23138!/ Service=ModLauncher Env=CLIENT
[226月2026 10:59:21.477] [pool-2-thread-1/INFO] [EARLYDISPLAY/]: GL info: NVIDIA GeForce RTX 5060 Laptop GPU/PCIe/SSE2 GL version 4.6.0 NVIDIA 591.86, NVIDIA Corporation
[226月2026 10:59:21.736] [main/INFO] [net.neoforged.fml.loading.moddiscovery.locators.JarInJarDependencyLocator/]: Found 2 dependencies adding them to mods collection
[226月2026 10:59:21.740] [main/INFO] [net.neoforged.fml.loading.moddiscovery.ModDiscoverer/]: 
     Mod List:
		Name Version (Mod Id)

		KickIt 0.0.1 (kickit)
		Mekanism 10.7.19 (mekanism)
		Minecraft 1.21.1 (minecraft)
		NeoForge 21.1.234 (neoforge)
[226月2026 10:59:23.066] [main/INFO] [mixin/]: Compatibility level set to JAVA_21
[226月2026 10:59:23.075] [main/INFO] [cpw.mods.modlauncher.LaunchServiceHandler/MODLAUNCHER]: Launching target 'forgeclientdev' with arguments [--version, 21.1.234, --gameDir, ., --assetsDir, C:\Users\24292\.gradle\caches\neoformruntime\assets, --assetIndex, 17]
[226月2026 10:59:23.161] [main/WARN] [mixin/]: Reference map 'kickit.refmap.json' for kickit.mixins.json could not be read. If this is a development environment you can ignore this message
[226月2026 10:59:25.661] [Datafixer Bootstrap/INFO] [com.mojang.datafixers.DataFixerBuilder/]: 229 Datafixer optimizations took 399 milliseconds
[226月2026 10:59:25.905] [pool-8-thread-1/INFO] [MixinExtras|Service/]: Initializing MixinExtras via com.llamalad7.mixinextras.service.MixinExtrasServiceImpl(version=0.5.3).
[226月2026 10:59:31.015] [main/WARN] [net.minecraft.commands.Commands/]: Ambiguity between arguments [teleport, location] and [teleport, destination] with inputs: [0.1 -0.5 .9, 0 0 0]
[226月2026 10:59:31.017] [main/WARN] [net.minecraft.commands.Commands/]: Ambiguity between arguments [teleport, location] and [teleport, targets] with inputs: [0.1 -0.5 .9, 0 0 0]
[226月2026 10:59:31.019] [main/WARN] [net.minecraft.commands.Commands/]: Ambiguity between arguments [teleport, destination] and [teleport, targets] with inputs: [Player, 0123, @e, dd12be42-52a9-4a91-a8a1-11c01849e498]
[226月2026 10:59:31.020] [main/WARN] [net.minecraft.commands.Commands/]: Ambiguity between arguments [teleport, targets] and [teleport, destination] with inputs: [Player, 0123, dd12be42-52a9-4a91-a8a1-11c01849e498]
[226月2026 10:59:31.022] [main/WARN] [net.minecraft.commands.Commands/]: Ambiguity between arguments [teleport, targets, location] and [teleport, targets, destination] with inputs: [0.1 -0.5 .9, 0 0 0]
[226月2026 10:59:31.161] [Render thread/WARN] [net.minecraft.server.packs.VanillaPackResourcesBuilder/]: Assets URL 'union:/E:/DowLoad/Just-Player-Heads-1.21.1/KickIt/build/moddev/artifacts/neoforge-21.1.234.jar%23190!/assets/.mcassetsroot' uses unexpected schema
[226月2026 10:59:31.161] [Render thread/WARN] [net.minecraft.server.packs.VanillaPackResourcesBuilder/]: Assets URL 'union:/E:/DowLoad/Just-Player-Heads-1.21.1/KickIt/build/moddev/artifacts/neoforge-21.1.234.jar%23190!/data/.mcassetsroot' uses unexpected schema
[226月2026 10:59:31.206] [Render thread/INFO] [com.mojang.authlib.yggdrasil.YggdrasilAuthenticationService/]: Environment: Environment[sessionHost=https://sessionserver.mojang.com, servicesHost=https://api.minecraftservices.com, name=PROD]
[226月2026 10:59:31.215] [Render thread/INFO] [net.minecraft.client.Minecraft/]: Setting user: Dev
[226月2026 10:59:31.308] [Render thread/INFO] [net.minecraft.client.Minecraft/]: Backend library: LWJGL version 3.3.3+5
[226月2026 10:59:31.644] [modloading-worker-0/INFO] [net.neoforged.neoforge.common.NeoForgeMod/NEOFORGE-MOD]: NeoForge mod loading, version 21.1.234, for MC 1.21.1
[226月2026 10:59:33.944] [Render thread/INFO] [net.neoforged.neoforge.gametest.GameTestHooks/]: Enabled Gametest Namespaces: [kickit]
[226月2026 10:59:34.307] [Render thread/INFO] [net.minecraft.server.packs.resources.ReloadableResourceManager/]: Reloading ResourceManager: vanilla, mod_resources, mod/mekanism, mod/kickit, mod/neoforge
[226月2026 10:59:34.323] [Worker-Main-1/INFO] [mekanism.common.Mekanism/]: Version 10.7.19 initializing...
[226月2026 10:59:34.392] [Worker-Main-1/INFO] [mekanism.common.Mekanism/]: Initialized HolidayManager.
[226月2026 10:59:34.435] [Worker-Main-1/INFO] [mekanism.common.Mekanism/]: Fake player readout: UUID = 46e82cd0-d480-3d48-800a-77431ede078e, name = [Mekanism]
[226月2026 10:59:34.435] [Worker-Main-1/INFO] [mekanism.common.Mekanism/]: Mod loaded.
[226月2026 10:59:34.558] [Worker-Main-2/INFO] [net.minecraft.client.gui.font.providers.UnihexProvider/]: Found unifont_all_no_pua-15.1.05.hex, loading
[226月2026 10:59:34.560] [Worker-Main-19/INFO] [net.minecraft.client.gui.font.providers.UnihexProvider/]: Found unifont_jp_patch-15.1.05.hex, loading
[226月2026 10:59:36.467] [Render thread/WARN] [net.minecraft.client.sounds.SoundEngine/]: Missing sound for event: minecraft:item.goat_horn.play
[226月2026 10:59:36.467] [Render thread/WARN] [net.minecraft.client.sounds.SoundEngine/]: Missing sound for event: minecraft:entity.goat.screaming.horn_break
[226月2026 10:59:37.397] [Render thread/INFO] [com.mojang.blaze3d.audio.Library/]: OpenAL initialized on device OpenAL Soft on 扬声器 (Realtek(R) Audio)
[226月2026 10:59:37.398] [Render thread/INFO] [net.minecraft.client.sounds.SoundEngine/SOUNDS]: Sound engine started
[226月2026 10:59:37.487] [Render thread/INFO] [net.minecraft.client.renderer.texture.TextureAtlas/]: Created: 1024x1024x4 minecraft:textures/atlas/blocks.png-atlas
[226月2026 10:59:37.504] [Render thread/INFO] [net.minecraft.client.renderer.texture.TextureAtlas/]: Created: 256x256x4 minecraft:textures/atlas/signs.png-atlas
[226月2026 10:59:37.504] [Render thread/INFO] [net.minecraft.client.renderer.texture.TextureAtlas/]: Created: 512x512x4 minecraft:textures/atlas/banner_patterns.png-atlas
[226月2026 10:59:37.504] [Render thread/INFO] [net.minecraft.client.renderer.texture.TextureAtlas/]: Created: 512x512x4 minecraft:textures/atlas/shield_patterns.png-atlas
[226月2026 10:59:37.505] [Render thread/INFO] [net.minecraft.client.renderer.texture.TextureAtlas/]: Created: 1024x1024x4 minecraft:textures/atlas/armor_trims.png-atlas
[226月2026 10:59:37.506] [Render thread/INFO] [net.minecraft.client.renderer.texture.TextureAtlas/]: Created: 256x256x4 minecraft:textures/atlas/chest.png-atlas
[226月2026 10:59:37.506] [Render thread/INFO] [net.minecraft.client.renderer.texture.TextureAtlas/]: Created: 128x64x4 minecraft:textures/atlas/decorated_pot.png-atlas
[226月2026 10:59:37.506] [Render thread/INFO] [net.minecraft.client.renderer.texture.TextureAtlas/]: Created: 512x256x4 minecraft:textures/atlas/beds.png-atlas
[226月2026 10:59:37.506] [Render thread/INFO] [net.minecraft.client.renderer.texture.TextureAtlas/]: Created: 512x256x4 minecraft:textures/atlas/shulker_boxes.png-atlas
[226月2026 10:59:37.704] [Render thread/INFO] [net.minecraft.client.renderer.texture.TextureAtlas/]: Created: 512x256x0 minecraft:textures/atlas/particles.png-atlas
[226月2026 10:59:37.707] [Render thread/INFO] [net.minecraft.client.renderer.texture.TextureAtlas/]: Created: 512x256x0 minecraft:textures/atlas/paintings.png-atlas
[226月2026 10:59:37.708] [Render thread/INFO] [net.minecraft.client.renderer.texture.TextureAtlas/]: Created: 256x128x0 minecraft:textures/atlas/mob_effects.png-atlas
[226月2026 10:59:37.708] [Render thread/INFO] [net.minecraft.client.renderer.texture.TextureAtlas/]: Created: 64x64x0 minecraft:textures/atlas/map_decorations.png-atlas
[226月2026 10:59:37.708] [Render thread/INFO] [net.minecraft.client.renderer.texture.TextureAtlas/]: Created: 1024x512x0 minecraft:textures/atlas/gui.png-atlas
[226月2026 10:59:37.749] [Render thread/WARN] [net.minecraft.client.renderer.ShaderInstance/]: Shader rendertype_entity_translucent_emissive could not find sampler named Sampler2 in the specified shader program.
[226月2026 10:59:37.822] [Render thread/INFO] [net.minecraft.client.renderer.texture.TextureAtlas/]: Created: 512x256x0 mekanism:textures/atlas/robit.png-atlas
[226月2026 10:59:37.826] [Render thread/INFO] [net.neoforged.neoforge.client.entity.animation.json.AnimationLoader/]: Loaded 0 entity animations
[226月2026 10:59:44.157] [Render thread/INFO] [net.minecraft.world.item.crafting.RecipeManager/]: Loaded 2868 recipes
[226月2026 10:59:44.377] [Render thread/INFO] [net.minecraft.advancements.AdvancementTree/]: Loaded 1496 advancements
[226月2026 10:59:44.833] [Server thread/INFO] [net.minecraft.client.server.IntegratedServer/]: Starting integrated minecraft server version 1.21.1
[226月2026 10:59:44.833] [Server thread/INFO] [net.minecraft.server.MinecraftServer/]: Generating keypair
[226月2026 10:59:45.661] [Server thread/INFO] [net.minecraft.server.MinecraftServer/]: Preparing start region for dimension minecraft:overworld
[226月2026 10:59:46.124] [progressListener/INFO] [net.minecraft.server.level.progress.LoggerChunkProgressListener/]: 准备生成区域中：0%
[226月2026 10:59:46.165] [progressListener/INFO] [net.minecraft.server.level.progress.LoggerChunkProgressListener/]: 准备生成区域中：0%
[226月2026 10:59:46.369] [progressListener/INFO] [net.minecraft.server.level.progress.LoggerChunkProgressListener/]: Time elapsed: 705 ms
[226月2026 10:59:46.370] [Server thread/INFO] [net.neoforged.neoforge.server.permission.PermissionAPI/]: Successfully initialized permission handler neoforge:default_handler
[226月2026 10:59:46.478] [Server thread/INFO] [net.minecraft.client.server.IntegratedServer/]: Changing view distance to 12, from 10
[226月2026 10:59:46.478] [Server thread/INFO] [net.minecraft.client.server.IntegratedServer/]: Changing simulation distance to 12, from 0
[226月2026 10:59:47.294] [Server thread/INFO] [net.minecraft.server.players.PlayerList/]: Dev[local:E:20ddecd9] logged in with entity id 79 at (-830.4559353982283, 64.0, -285.2429940233507)
[226月2026 10:59:47.339] [Server thread/INFO] [net.minecraft.server.MinecraftServer/]: Dev加入了游戏
[226月2026 10:59:47.866] [Render thread/INFO] [net.minecraft.advancements.AdvancementTree/]: Loaded 13 advancements
[226月2026 10:59:48.131] [Render thread/INFO] [net.minecraft.client.gui.components.ChatComponent/]: [System] [CHAT] ------------[通用机械]------------
[226月2026 10:59:48.142] [Render thread/INFO] [net.minecraft.client.gui.components.ChatComponent/]: [System] [CHAT] 六月安好
[226月2026 10:59:48.142] [Render thread/INFO] [net.minecraft.client.gui.components.ChatComponent/]: [System] [CHAT] 愿阳光与欢喜伴你朝夕
[226月2026 10:59:48.142] [Render thread/INFO] [net.minecraft.client.gui.components.ChatComponent/]: [System] [CHAT] 记得多注意休息
[226月2026 10:59:48.142] [Render thread/INFO] [net.minecraft.client.gui.components.ChatComponent/]: [System] [CHAT]  —— 通用机械开发团队
[226月2026 10:59:48.142] [Render thread/INFO] [net.minecraft.client.gui.components.ChatComponent/]: [System] [CHAT] ------------[=======]------------
[226月2026 10:59:51.243] [Server thread/INFO] [net.minecraft.client.server.IntegratedServer/]: Saving and pausing game...
[226月2026 10:59:51.310] [Server thread/INFO] [net.minecraft.server.MinecraftServer/]: Saving chunks for level 'ServerLevel[新的世界]'/minecraft:overworld
[226月2026 10:59:51.387] [Server thread/INFO] [net.minecraft.server.MinecraftServer/]: Saving chunks for level 'ServerLevel[新的世界]'/minecraft:the_end
[226月2026 10:59:51.387] [Server thread/INFO] [net.minecraft.server.MinecraftServer/]: Saving chunks for level 'ServerLevel[新的世界]'/minecraft:the_nether
[226月2026 10:59:57.344] [Server thread/INFO] [net.minecraft.client.server.IntegratedServer/]: Saving and pausing game...
[226月2026 10:59:57.357] [Server thread/INFO] [net.minecraft.server.MinecraftServer/]: Saving chunks for level 'ServerLevel[新的世界]'/minecraft:overworld
[226月2026 10:59:57.370] [Server thread/INFO] [net.minecraft.server.MinecraftServer/]: Saving chunks for level 'ServerLevel[新的世界]'/minecraft:the_end
[226月2026 10:59:57.371] [Server thread/INFO] [net.minecraft.server.MinecraftServer/]: Saving chunks for level 'ServerLevel[新的世界]'/minecraft:the_nether
[226月2026 10:59:58.114] [Render thread/WARN] [net.minecraft.client.sounds.SoundEngine/SOUNDS]: Unable to play empty soundEvent: minecraft:entity.cod.ambient
[226月2026 10:59:58.995] [Server thread/INFO] [net.minecraft.client.server.IntegratedServer/]: Saving and pausing game...
[226月2026 10:59:59.006] [Server thread/INFO] [net.minecraft.server.MinecraftServer/]: Saving chunks for level 'ServerLevel[新的世界]'/minecraft:overworld
[226月2026 10:59:59.010] [Server thread/INFO] [net.minecraft.server.MinecraftServer/]: Saving chunks for level 'ServerLevel[新的世界]'/minecraft:the_end
[226月2026 10:59:59.010] [Server thread/INFO] [net.minecraft.server.MinecraftServer/]: Saving chunks for level 'ServerLevel[新的世界]'/minecraft:the_nether
[226月2026 10:59:59.506] [Server thread/INFO] [net.minecraft.server.network.ServerGamePacketListenerImpl/]: Dev lost connection: 连接中断
[226月2026 10:59:59.507] [Server thread/INFO] [net.minecraft.server.MinecraftServer/]: Dev退出了游戏
[226月2026 10:59:59.519] [Server thread/INFO] [net.minecraft.server.network.ServerCommonPacketListenerImpl/]: Stopping singleplayer server as player logged out
[226月2026 10:59:59.547] [Server thread/INFO] [net.minecraft.server.MinecraftServer/]: Stopping server
[226月2026 10:59:59.549] [Server thread/INFO] [net.minecraft.server.MinecraftServer/]: Saving players
[226月2026 10:59:59.549] [Server thread/INFO] [net.minecraft.server.MinecraftServer/]: Saving worlds
[226月2026 10:59:59.667] [Server thread/INFO] [net.minecraft.server.MinecraftServer/]: Saving chunks for level 'ServerLevel[新的世界]'/minecraft:overworld
[226月2026 10:59:59.838] [Server thread/INFO] [net.minecraft.server.MinecraftServer/]: Saving chunks for level 'ServerLevel[新的世界]'/minecraft:the_end
[226月2026 10:59:59.841] [Server thread/INFO] [net.minecraft.server.MinecraftServer/]: Saving chunks for level 'ServerLevel[新的世界]'/minecraft:the_nether
[226月2026 10:59:59.852] [Server thread/INFO] [net.minecraft.server.MinecraftServer/]: ThreadedAnvilChunkStorage (新的世界): All chunks are saved
[226月2026 10:59:59.852] [Server thread/INFO] [net.minecraft.server.MinecraftServer/]: ThreadedAnvilChunkStorage (DIM1): All chunks are saved
[226月2026 10:59:59.852] [Server thread/INFO] [net.minecraft.server.MinecraftServer/]: ThreadedAnvilChunkStorage (DIM-1): All chunks are saved
[226月2026 10:59:59.852] [Server thread/INFO] [net.minecraft.server.MinecraftServer/]: ThreadedAnvilChunkStorage: All dimensions are saved
[226月2026 11:00:00.520] [Render thread/INFO] [net.minecraft.client.Minecraft/]: Stopping!
